c:\users\tomki\source\repos\snake1\snake1\x64\debug\vc143.pdb
c:\users\tomki\source\repos\snake1\snake1\x64\debug\vc143.idb
c:\users\tomki\source\repos\snake1\snake1\x64\debug\spielfeld.obj
c:\users\tomki\source\repos\snake1\snake1\x64\debug\snake_main.obj
c:\users\tomki\source\repos\snake1\snake1\x64\debug\schlange.obj
c:\users\tomki\source\repos\snake1\snake1\x64\debug\frucht.obj
c:\users\tomki\source\repos\snake1\snake1\x64\debug\feld.obj
c:\users\tomki\source\repos\snake1\snake1\x64\debug\ausgabe.obj
c:\users\tomki\source\repos\snake1\snake1\x64\debug\run.obj
c:\users\tomki\source\repos\snake1\snake1\x64\debug\statistik.obj
c:\users\tomki\source\repos\snake1\snake1\x64\debug\ausgabe.obj.enc
c:\users\tomki\source\repos\snake1\snake1\x64\debug\feld.obj.enc
c:\users\tomki\source\repos\snake1\snake1\x64\debug\frucht.obj.enc
c:\users\tomki\source\repos\snake1\snake1\x64\debug\schlange.obj.enc
c:\users\tomki\source\repos\snake1\snake1\x64\debug\snake_main.obj.enc
c:\users\tomki\source\repos\snake1\snake1\x64\debug\snake1.ilk
c:\users\tomki\source\repos\snake1\x64\debug\snake1.pdb
c:\users\tomki\source\repos\snake1\x64\debug\snake1.exe
c:\users\tomki\source\repos\snake1\snake1\x64\debug\snake1.tlog\cl.command.1.tlog
c:\users\tomki\source\repos\snake1\snake1\x64\debug\snake1.tlog\cl.items.tlog
c:\users\tomki\source\repos\snake1\snake1\x64\debug\snake1.tlog\cl.read.1.tlog
c:\users\tomki\source\repos\snake1\snake1\x64\debug\snake1.tlog\cl.write.1.tlog
c:\users\tomki\source\repos\snake1\snake1\x64\debug\snake1.tlog\link.command.1.tlog
c:\users\tomki\source\repos\snake1\snake1\x64\debug\snake1.tlog\link.read.1.tlog
c:\users\tomki\source\repos\snake1\snake1\x64\debug\snake1.tlog\link.write.1.tlog
